# JRE version: Java(TM) SE Runtime Environment (8.0_211-b12) (build 1.8.0_211-b12)
# Java VM: Java HotSpot(TM) 64-Bit Server VM (25.211-b12 mixed mode windows-amd64 compressed oops)
Heap:
 PSYoungGen      total 329728K, used 206395K [0x00000000d6100000, 0x00000000ee780000, 0x0000000100000000)
  eden space 309760K, 61% used [0x00000000d6100000,0x00000000e1b2e4a8,0x00000000e8f80000)
  from space 19968K, 78% used [0x00000000e8f80000,0x00000000e9ee09a0,0x00000000ea300000)
  to   space 21504K, 0% used [0x00000000ed280000,0x00000000ed280000,0x00000000ee780000)
 ParOldGen       total 134144K, used 33586K [0x0000000082200000, 0x000000008a500000, 0x00000000d6100000)
  object space 134144K, 25% used [0x0000000082200000,0x00000000842cc948,0x000000008a500000)
 Metaspace       used 62596K, capacity 65988K, committed 66304K, reserved 1105920K
  class space    used 8555K, capacity 9112K, committed 9216K, reserved 1048576K
GC Heap History (10 events):
Event: 14.541 GC heap before
{Heap before GC invocations=12 (full 2):
 PSYoungGen      total 205824K, used 194560K [0x00000000d6100000, 0x00000000e6b00000, 0x0000000100000000)
  eden space 194560K, 100% used [0x00000000d6100000,0x00000000e1f00000,0x00000000e1f00000)
  from space 11264K, 0% used [0x00000000e1f00000,0x00000000e1f00000,0x00000000e2a00000)
  to   space 12800K, 0% used [0x00000000e5e80000,0x00000000e5e80000,0x00000000e6b00000)
 ParOldGen       total 86528K, used 16456K [0x0000000082200000, 0x0000000087680000, 0x00000000d6100000)
  object space 86528K, 19% used [0x0000000082200000,0x00000000832122d0,0x0000000087680000)
 Metaspace       used 40200K, capacity 42498K, committed 42752K, reserved 1085440K
  class space    used 5422K, capacity 5859K, committed 5888K, reserved 1048576K
Event: 14.560 GC heap after
Heap after GC invocations=12 (full 2):
 PSYoungGen      total 258560K, used 10912K [0x00000000d6100000, 0x00000000e7500000, 0x0000000100000000)
  eden space 245760K, 0% used [0x00000000d6100000,0x00000000d6100000,0x00000000e5100000)
  from space 12800K, 85% used [0x00000000e5e80000,0x00000000e69283d0,0x00000000e6b00000)
  to   space 13824K, 0% used [0x00000000e5100000,0x00000000e5100000,0x00000000e5e80000)
 ParOldGen       total 86528K, used 16464K [0x0000000082200000, 0x0000000087680000, 0x00000000d6100000)
  object space 86528K, 19% used [0x0000000082200000,0x00000000832142d0,0x0000000087680000)
 Metaspace       used 40200K, capacity 42498K, committed 42752K, reserved 1085440K
  class space    used 5422K, capacity 5859K, committed 5888K, reserved 1048576K
}
Event: 19.422 GC heap before
{Heap before GC invocations=13 (full 2):
 PSYoungGen      total 258560K, used 241395K [0x00000000d6100000, 0x00000000e7500000, 0x0000000100000000)
  eden space 245760K, 93% used [0x00000000d6100000,0x00000000e4214848,0x00000000e5100000)
  from space 12800K, 85% used [0x00000000e5e80000,0x00000000e69283d0,0x00000000e6b00000)
  to   space 13824K, 0% used [0x00000000e5100000,0x00000000e5100000,0x00000000e5e80000)
 ParOldGen       total 86528K, used 16464K [0x0000000082200000, 0x0000000087680000, 0x00000000d6100000)
  object space 86528K, 19% used [0x0000000082200000,0x00000000832142d0,0x0000000087680000)
 Metaspace       used 56533K, capacity 59056K, committed 59160K, reserved 1099776K
  class space    used 7831K, capacity 8300K, committed 8320K, reserved 1048576K
Event: 19.447 GC heap after
Heap after GC invocations=13 (full 2):
 PSYoungGen      total 259584K, used 13792K [0x00000000d6100000, 0x00000000ebc00000, 0x0000000100000000)
  eden space 245760K, 0% used [0x00000000d6100000,0x00000000d6100000,0x00000000e5100000)
  from space 13824K, 99% used [0x00000000e5100000,0x00000000e5e782c8,0x00000000e5e80000)
  to   space 19456K, 0% used [0x00000000ea900000,0x00000000ea900000,0x00000000ebc00000)
 ParOldGen       total 86528K, used 25897K [0x0000000082200000, 0x0000000087680000, 0x00000000d6100000)
  object space 86528K, 29% used [0x0000000082200000,0x0000000083b4a5c8,0x0000000087680000)
 Metaspace       used 56533K, capacity 59056K, committed 59160K, reserved 1099776K
  class space    used 7831K, capacity 8300K, committed 8320K, reserved 1048576K
}
Event: 19.447 GC heap before
{Heap before GC invocations=14 (full 3):
 PSYoungGen      total 259584K, used 13792K [0x00000000d6100000, 0x00000000ebc00000, 0x0000000100000000)
  eden space 245760K, 0% used [0x00000000d6100000,0x00000000d6100000,0x00000000e5100000)
  from space 13824K, 99% used [0x00000000e5100000,0x00000000e5e782c8,0x00000000e5e80000)
  to   space 19456K, 0% used [0x00000000ea900000,0x00000000ea900000,0x00000000ebc00000)
 ParOldGen       total 86528K, used 25897K [0x0000000082200000, 0x0000000087680000, 0x00000000d6100000)
  object space 86528K, 29% used [0x0000000082200000,0x0000000083b4a5c8,0x0000000087680000)
 Metaspace       used 56533K, capacity 59056K, committed 59160K, reserved 1099776K
  class space    used 7831K, capacity 8300K, committed 8320K, reserved 1048576K
Event: 19.702 GC heap after
Heap after GC invocations=14 (full 3):
 PSYoungGen      total 259584K, used 0K [0x00000000d6100000, 0x00000000ebc00000, 0x0000000100000000)
  eden space 245760K, 0% used [0x00000000d6100000,0x00000000d6100000,0x00000000e5100000)
  from space 13824K, 0% used [0x00000000e5100000,0x00000000e5100000,0x00000000e5e80000)
  to   space 19456K, 0% used [0x00000000ea900000,0x00000000ea900000,0x00000000ebc00000)
 ParOldGen       total 134144K, used 33570K [0x0000000082200000, 0x000000008a500000, 0x00000000d6100000)
  object space 134144K, 25% used [0x0000000082200000,0x00000000842c8948,0x000000008a500000)
 Metaspace       used 56533K, capacity 59056K, committed 59160K, reserved 1099776K
  class space    used 7831K, capacity 8300K, committed 8320K, reserved 1048576K
}
Event: 25.349 GC heap before
{Heap before GC invocations=15 (full 3):
 PSYoungGen      total 259584K, used 245760K [0x00000000d6100000, 0x00000000ebc00000, 0x0000000100000000)
  eden space 245760K, 100% used [0x00000000d6100000,0x00000000e5100000,0x00000000e5100000)
  from space 13824K, 0% used [0x00000000e5100000,0x00000000e5100000,0x00000000e5e80000)
  to   space 19456K, 0% used [0x00000000ea900000,0x00000000ea900000,0x00000000ebc00000)
 ParOldGen       total 134144K, used 33570K [0x0000000082200000, 0x000000008a500000, 0x00000000d6100000)
  object space 134144K, 25% used [0x0000000082200000,0x00000000842c8948,0x000000008a500000)
 Metaspace       used 61710K, capacity 64892K, committed 65152K, reserved 1105920K
  class space    used 8528K, capacity 9076K, committed 9088K, reserved 1048576K
Event: 25.418 GC heap after
Heap after GC invocations=15 (full 3):
 PSYoungGen      total 313344K, used 13366K [0x00000000d6100000, 0x00000000eb680000, 0x0000000100000000)
  eden space 299520K, 0% used [0x00000000d6100000,0x00000000d6100000,0x00000000e8580000)
  from space 13824K, 96% used [0x00000000ea900000,0x00000000eb60d808,0x00000000eb680000)
  to   space 19968K, 0% used [0x00000000e8f80000,0x00000000e8f80000,0x00000000ea300000)
 ParOldGen       total 134144K, used 33578K [0x0000000082200000, 0x000000008a500000, 0x00000000d6100000)
  object space 134144K, 25% used [0x0000000082200000,0x00000000842ca948,0x000000008a500000)
 Metaspace       used 61710K, capacity 64892K, committed 65152K, reserved 1105920K
  class space    used 8528K, capacity 9076K, committed 9088K, reserved 1048576K
}
Event: 32.033 GC heap before
{Heap before GC invocations=16 (full 3):
 PSYoungGen      total 313344K, used 312886K [0x00000000d6100000, 0x00000000eb680000, 0x0000000100000000)
  eden space 299520K, 100% used [0x00000000d6100000,0x00000000e8580000,0x00000000e8580000)
  from space 13824K, 96% used [0x00000000ea900000,0x00000000eb60d808,0x00000000eb680000)
  to   space 19968K, 0% used [0x00000000e8f80000,0x00000000e8f80000,0x00000000ea300000)
 ParOldGen       total 134144K, used 33578K [0x0000000082200000, 0x000000008a500000, 0x00000000d6100000)
  object space 134144K, 25% used [0x0000000082200000,0x00000000842ca948,0x000000008a500000)
 Metaspace       used 62243K, capacity 65524K, committed 65792K, reserved 1105920K
  class space    used 8545K, capacity 9100K, committed 9216K, reserved 1048576K
Event: 32.050 GC heap after
Heap after GC invocations=16 (full 3):
 PSYoungGen      total 329728K, used 15746K [0x00000000d6100000, 0x00000000ee780000, 0x0000000100000000)
  eden space 309760K, 0% used [0x00000000d6100000,0x00000000d6100000,0x00000000e8f80000)
  from space 19968K, 78% used [0x00000000e8f80000,0x00000000e9ee09a0,0x00000000ea300000)
  to   space 21504K, 0% used [0x00000000ed280000,0x00000000ed280000,0x00000000ee780000)
 ParOldGen       total 134144K, used 33586K [0x0000000082200000, 0x000000008a500000, 0x00000000d6100000)
  object space 134144K, 25% used [0x0000000082200000,0x00000000842cc948,0x000000008a500000)
 Metaspace       used 62243K, capacity 65524K, committed 65792K, reserved 1105920K
  class space    used 8545K, capacity 9100K, committed 9216K, reserved 1048576K
}

